<?xml version="1.0" encoding="UTF-8"?>
<testsuite xmlns:xsi="http://www.w3.org/2001/XMLSchema-instance" xsi:noNamespaceSchemaLocation="https://maven.apache.org/surefire/maven-surefire-plugin/xsd/surefire-test-report-3.0.xsd" version="3.0" name="ph.cdo.backend.service.controller.AuthenticationControllerTest" time="11.195" tests="7" errors="0" skipped="0" failures="0">
  <properties>
[...]
</properties>
  <testcase name="multipleInvalidFieldsClientRegistrationTest" classname="ph.cdo.backend.service.controller.AuthenticationControllerTest" time="0.398">
    <system-out><![CDATA[2023-06-09T07:07:50.192+08:00  INFO 11536 --- [           main] t.c.s.AnnotationConfigContextLoaderUtils : Could not detect default configuration classes for test class [ph.cdo.backend.service.controller.AuthenticationControllerTest]: AuthenticationControllerTest does not declare any static, non-private, non-final, nested classes annotated with @Configuration.
2023-06-09T07:07:50.234+08:00  INFO 11536 --- [           main] .b.t.c.SpringBootTestContextBootstrapper : Found @SpringBootConfiguration ph.cdo.backend.BackEndApplication for test class ph.cdo.backend.service.controller.AuthenticationControllerTest

  .   ____          _            __ _ _
 /\\ / ___'_ __ _ _(_)_ __  __ _ \ \ \ \
( ( )\___ | '_ | '_| | '_ \/ _` | \ \ \ \
 \\/  ___)| |_)| | | | | || (_| |  ) ) ) )
  '  |____| .__|_| |_|_| |_\__, | / / / /
 =========|_|==============|___/=/_/_/_/
 :: Spring Boot ::                (v3.1.0)

2023-06-09T07:07:50.292+08:00  INFO 11536 --- [           main] p.c.b.s.c.AuthenticationControllerTest   : Starting AuthenticationControllerTest using Java 17.0.6 with PID 11536 (started by admin in C:\Users\admin\Documents\GitHub\gambling\back-end)
2023-06-09T07:07:50.293+08:00  INFO 11536 --- [           main] p.c.b.s.c.AuthenticationControllerTest   : The following 1 profile is active: "test"
2023-06-09T07:07:50.827+08:00  INFO 11536 --- [           main] .s.d.r.c.RepositoryConfigurationDelegate : Bootstrapping Spring Data JPA repositories in DEFAULT mode.
2023-06-09T07:07:50.902+08:00  INFO 11536 --- [           main] .s.d.r.c.RepositoryConfigurationDelegate : Finished Spring Data repository scanning in 74 ms. Found 5 JPA repository interfaces.
2023-06-09T07:07:51.361+08:00  INFO 11536 --- [           main] o.s.b.w.embedded.tomcat.TomcatWebServer  : Tomcat initialized with port(s): 0 (http)
2023-06-09T07:07:51.374+08:00  INFO 11536 --- [           main] o.apache.catalina.core.StandardService   : Starting service [Tomcat]
2023-06-09T07:07:51.375+08:00  INFO 11536 --- [           main] o.apache.catalina.core.StandardEngine    : Starting Servlet engine: [Apache Tomcat/10.1.8]
2023-06-09T07:07:51.505+08:00  INFO 11536 --- [           main] o.a.c.c.C.[Tomcat].[localhost].[/]       : Initializing Spring embedded WebApplicationContext
2023-06-09T07:07:51.505+08:00  INFO 11536 --- [           main] w.s.c.ServletWebServerApplicationContext : Root WebApplicationContext: initialization completed in 1209 ms
2023-06-09T07:07:51.572+08:00  INFO 11536 --- [           main] o.hibernate.jpa.internal.util.LogHelper  : HHH000204: Processing PersistenceUnitInfo [name: default]
2023-06-09T07:07:51.592+08:00  INFO 11536 --- [           main] o.h.b.i.BytecodeProviderInitiator        : HHH000021: Bytecode provider name : bytebuddy
2023-06-09T07:07:51.592+08:00  INFO 11536 --- [           main] o.s.o.j.p.SpringPersistenceUnitInfo      : No LoadTimeWeaver setup: ignoring JPA class transformer
2023-06-09T07:07:51.612+08:00  INFO 11536 --- [           main] com.zaxxer.hikari.HikariDataSource       : HikariPool-2 - Starting...
2023-06-09T07:07:51.613+08:00  INFO 11536 --- [           main] com.zaxxer.hikari.pool.HikariPool        : HikariPool-2 - Added connection conn10: url=jdbc:h2:mem:unscathed user=SA
2023-06-09T07:07:51.614+08:00  INFO 11536 --- [           main] com.zaxxer.hikari.HikariDataSource       : HikariPool-2 - Start completed.
2023-06-09T07:07:51.614+08:00  INFO 11536 --- [           main] org.hibernate.orm.dialect                : HHH035001: Using dialect: org.hibernate.dialect.H2Dialect, version: 2.1.214
2023-06-09T07:07:51.622+08:00  WARN 11536 --- [           main] o.h.b.i.InFlightMetadataCollectorImpl    : HHH000069: Duplicate generator name entity_sequence
2023-06-09T07:07:51.648+08:00  INFO 11536 --- [           main] o.h.b.i.BytecodeProviderInitiator        : HHH000021: Bytecode provider name : bytebuddy
2023-06-09T07:07:51.848+08:00  INFO 11536 --- [           main] o.h.e.t.j.p.i.JtaPlatformInitiator       : HHH000490: Using JtaPlatform implementation: [org.hibernate.engine.transaction.jta.platform.internal.NoJtaPlatform]
2023-06-09T07:07:51.879+08:00  INFO 11536 --- [           main] o.h.t.s.i.e.GenerationTargetToDatabase   : HHH000476: Executing script '[injected ScriptSourceInputNonExistentImpl script]'
2023-06-09T07:07:51.880+08:00  INFO 11536 --- [           main] j.LocalContainerEntityManagerFactoryBean : Initialized JPA EntityManagerFactory for persistence unit 'default'
2023-06-09T07:07:52.259+08:00  WARN 11536 --- [           main] JpaBaseConfiguration$JpaWebConfiguration : spring.jpa.open-in-view is enabled by default. Therefore, database queries may be performed during view rendering. Explicitly configure spring.jpa.open-in-view to disable this warning
2023-06-09T07:07:52.275+08:00  INFO 11536 --- [           main] o.s.s.web.DefaultSecurityFilterChain     : Will secure any request with [org.springframework.security.web.session.DisableEncodeUrlFilter@442545ab, org.springframework.security.web.context.request.async.WebAsyncManagerIntegrationFilter@2ec3b5dd, org.springframework.security.web.context.SecurityContextHolderFilter@5858054c, org.springframework.security.web.header.HeaderWriterFilter@45682e3e, org.springframework.security.web.authentication.logout.LogoutFilter@c2cc406, ph.cdo.backend.config.JwtAuthFilter@5f36ba0f, org.springframework.security.web.savedrequest.RequestCacheAwareFilter@28ea7f58, org.springframework.security.web.servletapi.SecurityContextHolderAwareRequestFilter@2cf7ada5, org.springframework.security.web.authentication.AnonymousAuthenticationFilter@629bee3b, org.springframework.security.web.session.SessionManagementFilter@6c8a806c, org.springframework.security.web.access.ExceptionTranslationFilter@2adb532c, org.springframework.security.web.access.intercept.AuthorizationFilter@664c6bbc]
2023-06-09T07:07:52.621+08:00  INFO 11536 --- [           main] o.s.b.w.embedded.tomcat.TomcatWebServer  : Tomcat started on port(s): 3019 (http) with context path ''
2023-06-09T07:07:52.626+08:00  INFO 11536 --- [           main] p.c.b.s.c.AuthenticationControllerTest   : Started AuthenticationControllerTest in 2.385 seconds (process running for 13.748)
2023-06-09T07:07:52.851+08:00  INFO 11536 --- [o-auto-1-exec-1] o.a.c.c.C.[Tomcat].[localhost].[/]       : Initializing Spring DispatcherServlet 'dispatcherServlet'
2023-06-09T07:07:52.852+08:00  INFO 11536 --- [o-auto-1-exec-1] o.s.web.servlet.DispatcherServlet        : Initializing Servlet 'dispatcherServlet'
2023-06-09T07:07:52.853+08:00  INFO 11536 --- [o-auto-1-exec-1] o.s.web.servlet.DispatcherServlet        : Completed initialization in 1 ms
<422 UNPROCESSABLE_ENTITY Unprocessable Entity,{numberOfErrors=2, errorMaps={SIZE ERROR={fieldName=password, rejectedValue=1234, errorMessage=Password length should be between 6 and 255 characters, exceptionName=ViolationFieldError, statusCode=Size}, EMAIL ERROR={fieldName=email, rejectedValue=invalidEmail, errorMessage=Must be a valid email, exceptionName=ViolationFieldError, statusCode=Email}}, status=UNPROCESSABLE_ENTITY, exception=InvalidValueException},[X-Content-Type-Options:"nosniff", X-XSS-Protection:"0", Cache-Control:"no-cache, no-store, max-age=0, must-revalidate", Pragma:"no-cache", Expires:"0", X-Frame-Options:"DENY", Content-Type:"application/json", Transfer-Encoding:"chunked", Date:"Thu, 08 Jun 2023 23:07:53 GMT", Keep-Alive:"timeout=60", Connection:"keep-alive"]>
{numberOfErrors=2, errorMaps={SIZE ERROR={fieldName=password, rejectedValue=1234, errorMessage=Password length should be between 6 and 255 characters, exceptionName=ViolationFieldError, statusCode=Size}, EMAIL ERROR={fieldName=email, rejectedValue=invalidEmail, errorMessage=Must be a valid email, exceptionName=ViolationFieldError, statusCode=Email}}, status=UNPROCESSABLE_ENTITY, exception=InvalidValueException}
]]></system-out>
  </testcase>
  <testcase name="invalidEmailClientRegistrationTest" classname="ph.cdo.backend.service.controller.AuthenticationControllerTest" time="0.019">
    <system-out><![CDATA[<422 UNPROCESSABLE_ENTITY Unprocessable Entity,{numberOfErrors=1, errorMaps={EMAIL ERROR={fieldName=email, rejectedValue=invalidEmail, errorMessage=Must be a valid email, exceptionName=ViolationFieldError, statusCode=Email}}, status=UNPROCESSABLE_ENTITY, exception=InvalidValueException},[X-Content-Type-Options:"nosniff", X-XSS-Protection:"0", Cache-Control:"no-cache, no-store, max-age=0, must-revalidate", Pragma:"no-cache", Expires:"0", X-Frame-Options:"DENY", Content-Type:"application/json", Transfer-Encoding:"chunked", Date:"Thu, 08 Jun 2023 23:07:53 GMT", Keep-Alive:"timeout=60", Connection:"keep-alive"]>
]]></system-out>
  </testcase>
  <testcase name="testingAValidClientRegistration" classname="ph.cdo.backend.service.controller.AuthenticationControllerTest" time="4.722">
    <system-out><![CDATA[DEBUG: Jakarta Mail version 2.1.1
DEBUG: URL jar:file:/C:/Users/admin/.m2/repository/org/eclipse/angus/jakarta.mail/1.1.0/jakarta.mail-1.1.0.jar!/META-INF/javamail.providers
DEBUG: successfully loaded resource: jar:file:/C:/Users/admin/.m2/repository/org/eclipse/angus/jakarta.mail/1.1.0/jakarta.mail-1.1.0.jar!/META-INF/javamail.providers
DEBUG: successfully loaded resource: /META-INF/javamail.default.providers
DEBUG: Tables of loaded providers
DEBUG: Providers Listed By Class Name: {com.sun.mail.smtp.SMTPTransport=jakarta.mail.Provider[TRANSPORT,smtp,com.sun.mail.smtp.SMTPTransport,Oracle], com.sun.mail.pop3.POP3Store=jakarta.mail.Provider[STORE,pop3,com.sun.mail.pop3.POP3Store,Oracle], com.sun.mail.imap.IMAPSSLStore=jakarta.mail.Provider[STORE,imaps,com.sun.mail.imap.IMAPSSLStore,Oracle], com.sun.mail.smtp.SMTPSSLTransport=jakarta.mail.Provider[TRANSPORT,smtps,com.sun.mail.smtp.SMTPSSLTransport,Oracle], com.sun.mail.pop3.POP3SSLStore=jakarta.mail.Provider[STORE,pop3s,com.sun.mail.pop3.POP3SSLStore,Oracle], com.sun.mail.imap.IMAPStore=jakarta.mail.Provider[STORE,imap,com.sun.mail.imap.IMAPStore,Oracle]}
DEBUG: Providers Listed By Protocol: {imap=jakarta.mail.Provider[STORE,imap,com.sun.mail.imap.IMAPStore,Oracle], smtp=jakarta.mail.Provider[TRANSPORT,smtp,com.sun.mail.smtp.SMTPTransport,Oracle], pop3=jakarta.mail.Provider[STORE,pop3,com.sun.mail.pop3.POP3Store,Oracle], imaps=jakarta.mail.Provider[STORE,imaps,com.sun.mail.imap.IMAPSSLStore,Oracle], smtps=jakarta.mail.Provider[TRANSPORT,smtps,com.sun.mail.smtp.SMTPSSLTransport,Oracle], pop3s=jakarta.mail.Provider[STORE,pop3s,com.sun.mail.pop3.POP3SSLStore,Oracle]}
DEBUG: successfully loaded resource: /META-INF/javamail.default.address.map
DEBUG: URL jar:file:/C:/Users/admin/.m2/repository/org/eclipse/angus/jakarta.mail/1.1.0/jakarta.mail-1.1.0.jar!/META-INF/javamail.address.map
DEBUG: successfully loaded resource: jar:file:/C:/Users/admin/.m2/repository/org/eclipse/angus/jakarta.mail/1.1.0/jakarta.mail-1.1.0.jar!/META-INF/javamail.address.map
DEBUG: getProvider() returning jakarta.mail.Provider[TRANSPORT,smtp,com.sun.mail.smtp.SMTPTransport,Oracle]
DEBUG SMTP: useEhlo true, useAuth true
DEBUG SMTP: trying to connect to host "smtp.gmail.com", port 587, isSSL false
220 smtp.gmail.com ESMTP j1-20020aa78d01000000b0065418efa5ebsm1534379pfe.155 - gsmtp
DEBUG SMTP: connected to host "smtp.gmail.com", port: 587
EHLO host.docker.internal
250-smtp.gmail.com at your service, [180.191.84.177]
250-SIZE 35882577
250-8BITMIME
250-STARTTLS
250-ENHANCEDSTATUSCODES
250-PIPELINING
250-CHUNKING
250 SMTPUTF8
DEBUG SMTP: Found extension "SIZE", arg "35882577"
DEBUG SMTP: Found extension "8BITMIME", arg ""
DEBUG SMTP: Found extension "STARTTLS", arg ""
DEBUG SMTP: Found extension "ENHANCEDSTATUSCODES", arg ""
DEBUG SMTP: Found extension "PIPELINING", arg ""
DEBUG SMTP: Found extension "CHUNKING", arg ""
DEBUG SMTP: Found extension "SMTPUTF8", arg ""
STARTTLS
220 2.0.0 Ready to start TLS
EHLO host.docker.internal
250-smtp.gmail.com at your service, [180.191.84.177]
250-SIZE 35882577
250-8BITMIME
250-AUTH LOGIN PLAIN XOAUTH2 PLAIN-CLIENTTOKEN OAUTHBEARER XOAUTH
250-ENHANCEDSTATUSCODES
250-PIPELINING
250-CHUNKING
250 SMTPUTF8
DEBUG SMTP: Found extension "SIZE", arg "35882577"
DEBUG SMTP: Found extension "8BITMIME", arg ""
DEBUG SMTP: Found extension "AUTH", arg "LOGIN PLAIN XOAUTH2 PLAIN-CLIENTTOKEN OAUTHBEARER XOAUTH"
DEBUG SMTP: Found extension "ENHANCEDSTATUSCODES", arg ""
DEBUG SMTP: Found extension "PIPELINING", arg ""
DEBUG SMTP: Found extension "CHUNKING", arg ""
DEBUG SMTP: Found extension "SMTPUTF8", arg ""
DEBUG SMTP: protocolConnect login, host=smtp.gmail.com, user=unscathedfitness@gmail.com, password=<non-null>
DEBUG SMTP: Attempt to authenticate using mechanisms: LOGIN PLAIN DIGEST-MD5 NTLM XOAUTH2 
DEBUG SMTP: Using mechanism LOGIN
DEBUG SMTP: AUTH LOGIN command trace suppressed
DEBUG SMTP: AUTH LOGIN succeeded
DEBUG SMTP: use8bit false
MAIL FROM:<admin@host.docker.internal>
250 2.1.0 OK j1-20020aa78d01000000b0065418efa5ebsm1534379pfe.155 - gsmtp
RCPT TO:<joshuagarrysalcedo@gmail.com>
250 2.1.5 OK j1-20020aa78d01000000b0065418efa5ebsm1534379pfe.155 - gsmtp
DEBUG SMTP: Verified Addresses
DEBUG SMTP:   joshuagarrysalcedo@gmail.com
DATA
354  Go ahead j1-20020aa78d01000000b0065418efa5ebsm1534379pfe.155 - gsmtp
Date: Fri, 9 Jun 2023 07:07:55 +0800 (SGT)
To: joshuagarrysalcedo@gmail.com
Message-ID: <307884554.2.1686265676013@host.docker.internal>
Subject: Email Confirmation
MIME-Version: 1.0
Content-Type: multipart/mixed; 
	boundary="----=_Part_0_1258998810.1686265673857"

------=_Part_0_1258998810.1686265673857
Content-Type: multipart/related; 
	boundary="----=_Part_1_510639345.1686265673865"

------=_Part_1_510639345.1686265673865
Content-Type: text/html; charset=us-ascii
Content-Transfer-Encoding: 7bit

<!DOCTYPE html>
<html lang="">
<head>
    <style>
        /* Add your basic CSS styles here */
        body {
            font-family: Arial, sans-serif;
            background-color: #f4f4f4;
            padding: 20px;
        }

        .container {
            background-color: #bbdefb;
            border-radius: 5px;
            padding: 20px;
            margin: 0 auto;
            max-width: 600px;
        }

        .banner {
            background-color: #42a5f5;
            padding: 10px;
            border-radius: 5px;
            text-align: center;
            color: #000000;
            font-size: 20px;
            font-weight: bold;
            margin-bottom: 20px;
        }

        .message {
            font-size: 24px;
            text-align: center;
            margin-bottom: 20px;
        }

        .info {
            font-weight: bold;
            margin-bottom: 10px;
        }

        .footer {
            text-align: center;
            margin-top: 20px;
        }
    </style>
    <title>Email Confirmation</title>
</head>
<body>
<div class="container">
    <div class="banner">
        Email Confirmation <br>
        <span style="font-size: 16px; font-weight: normal;"> Please click the link below to enable your account!</span>
    </div>
    <div class="message">

    </div>
    <div class="footer">
        <p>For more information, please visit our Facebook page:</p>
        <p><a href="https://localhost:8080/api/v1/client/confirm/d2ac66a2-a332-427d-b1da-6497503292b7">Confirmation link</a></p>
        <br/>
        <p>Expires at : <span>06/10/2023 07:07:53</span></p>
    </div>
</div>
</body>
</html>

------=_Part_1_510639345.1686265673865--

------=_Part_0_1258998810.1686265673857--
.
250 2.0.0 OK  1686265677 j1-20020aa78d01000000b0065418efa5ebsm1534379pfe.155 - gsmtp
DEBUG SMTP: message successfully delivered to mail server
QUIT
221 2.0.0 closing connection j1-20020aa78d01000000b0065418efa5ebsm1534379pfe.155 - gsmtp
<201 CREATED Created,{header=Registration Successful, body=Please confirm your email to activate your account!, email=joshuagarrysalcedo@gmail.com, footer=Email will expired in 24 hours, token=eyJ0eXBlIjoiSldUIiwiYWxnIjoiSFMyNTYifQ.eyJzdWIiOiJqb3NodWFnYXJyeXNhbGNlZG9AZ21haWwuY29tIiwiaWF0IjoxNjg2MjY1NjczLCJleHAiOjE2ODYzMDg4NzN9.w5FzlFUxSjpW-3TI-mQGM_Iz8k07ftNZPxT7NAM5MSA, response={mappedBody={footer=Email will expired in 24 hours, header=Registration Successful, body=Please confirm your email to activate your account!, email=joshuagarrysalcedo@gmail.com}}},[X-Content-Type-Options:"nosniff", X-XSS-Protection:"0", Cache-Control:"no-cache, no-store, max-age=0, must-revalidate", Pragma:"no-cache", Expires:"0", X-Frame-Options:"DENY", Content-Type:"application/json", Transfer-Encoding:"chunked", Date:"Thu, 08 Jun 2023 23:07:57 GMT", Keep-Alive:"timeout=60", Connection:"keep-alive"]>
]]></system-out>
  </testcase>
  <testcase name="testingIfNotNull" classname="ph.cdo.backend.service.controller.AuthenticationControllerTest" time="0.014"/>
  <testcase name="invalidPasswordClientRegistrationTest" classname="ph.cdo.backend.service.controller.AuthenticationControllerTest" time="0.013">
    <system-out><![CDATA[<422 UNPROCESSABLE_ENTITY Unprocessable Entity,{numberOfErrors=1, errorMaps={SIZE ERROR={fieldName=password, rejectedValue=1234, errorMessage=Password length should be between 6 and 255 characters, exceptionName=ViolationFieldError, statusCode=Size}}, status=UNPROCESSABLE_ENTITY, exception=InvalidValueException},[X-Content-Type-Options:"nosniff", X-XSS-Protection:"0", Cache-Control:"no-cache, no-store, max-age=0, must-revalidate", Pragma:"no-cache", Expires:"0", X-Frame-Options:"DENY", Content-Type:"application/json", Transfer-Encoding:"chunked", Date:"Thu, 08 Jun 2023 23:07:57 GMT", Keep-Alive:"timeout=60", Connection:"keep-alive"]>
]]></system-out>
  </testcase>
  <testcase name="testingDuplicateEmail" classname="ph.cdo.backend.service.controller.AuthenticationControllerTest" time="3.286">
    <system-out><![CDATA[DEBUG: getProvider() returning jakarta.mail.Provider[TRANSPORT,smtp,com.sun.mail.smtp.SMTPTransport,Oracle]
DEBUG SMTP: useEhlo true, useAuth true
DEBUG SMTP: trying to connect to host "smtp.gmail.com", port 587, isSSL false
220 smtp.gmail.com ESMTP x16-20020aa79190000000b0064f76992905sm1523858pfa.202 - gsmtp
DEBUG SMTP: connected to host "smtp.gmail.com", port: 587
EHLO host.docker.internal
250-smtp.gmail.com at your service, [180.191.84.177]
250-SIZE 35882577
250-8BITMIME
250-STARTTLS
250-ENHANCEDSTATUSCODES
250-PIPELINING
250-CHUNKING
250 SMTPUTF8
DEBUG SMTP: Found extension "SIZE", arg "35882577"
DEBUG SMTP: Found extension "8BITMIME", arg ""
DEBUG SMTP: Found extension "STARTTLS", arg ""
DEBUG SMTP: Found extension "ENHANCEDSTATUSCODES", arg ""
DEBUG SMTP: Found extension "PIPELINING", arg ""
DEBUG SMTP: Found extension "CHUNKING", arg ""
DEBUG SMTP: Found extension "SMTPUTF8", arg ""
STARTTLS
220 2.0.0 Ready to start TLS
EHLO host.docker.internal
250-smtp.gmail.com at your service, [180.191.84.177]
250-SIZE 35882577
250-8BITMIME
250-AUTH LOGIN PLAIN XOAUTH2 PLAIN-CLIENTTOKEN OAUTHBEARER XOAUTH
250-ENHANCEDSTATUSCODES
250-PIPELINING
250-CHUNKING
250 SMTPUTF8
DEBUG SMTP: Found extension "SIZE", arg "35882577"
DEBUG SMTP: Found extension "8BITMIME", arg ""
DEBUG SMTP: Found extension "AUTH", arg "LOGIN PLAIN XOAUTH2 PLAIN-CLIENTTOKEN OAUTHBEARER XOAUTH"
DEBUG SMTP: Found extension "ENHANCEDSTATUSCODES", arg ""
DEBUG SMTP: Found extension "PIPELINING", arg ""
DEBUG SMTP: Found extension "CHUNKING", arg ""
DEBUG SMTP: Found extension "SMTPUTF8", arg ""
DEBUG SMTP: protocolConnect login, host=smtp.gmail.com, user=unscathedfitness@gmail.com, password=<non-null>
DEBUG SMTP: Attempt to authenticate using mechanisms: LOGIN PLAIN DIGEST-MD5 NTLM XOAUTH2 
DEBUG SMTP: Using mechanism LOGIN
DEBUG SMTP: AUTH LOGIN command trace suppressed
DEBUG SMTP: AUTH LOGIN succeeded
DEBUG SMTP: use8bit false
MAIL FROM:<admin@host.docker.internal>
250 2.1.0 OK x16-20020aa79190000000b0064f76992905sm1523858pfa.202 - gsmtp
RCPT TO:<swaswaemail@gmail.com>
250 2.1.5 OK x16-20020aa79190000000b0064f76992905sm1523858pfa.202 - gsmtp
DEBUG SMTP: Verified Addresses
DEBUG SMTP:   swaswaemail@gmail.com
DATA
354  Go ahead x16-20020aa79190000000b0064f76992905sm1523858pfa.202 - gsmtp
Date: Fri, 9 Jun 2023 07:07:59 +0800 (SGT)
To: swaswaemail@gmail.com
Message-ID: <1585715837.5.1686265679579@host.docker.internal>
Subject: Email Confirmation
MIME-Version: 1.0
Content-Type: multipart/mixed; 
	boundary="----=_Part_3_1956940316.1686265677912"

------=_Part_3_1956940316.1686265677912
Content-Type: multipart/related; 
	boundary="----=_Part_4_475590872.1686265677913"

------=_Part_4_475590872.1686265677913
Content-Type: text/html; charset=us-ascii
Content-Transfer-Encoding: 7bit

<!DOCTYPE html>
<html lang="">
<head>
    <style>
        /* Add your basic CSS styles here */
        body {
            font-family: Arial, sans-serif;
            background-color: #f4f4f4;
            padding: 20px;
        }

        .container {
            background-color: #bbdefb;
            border-radius: 5px;
            padding: 20px;
            margin: 0 auto;
            max-width: 600px;
        }

        .banner {
            background-color: #42a5f5;
            padding: 10px;
            border-radius: 5px;
            text-align: center;
            color: #000000;
            font-size: 20px;
            font-weight: bold;
            margin-bottom: 20px;
        }

        .message {
            font-size: 24px;
            text-align: center;
            margin-bottom: 20px;
        }

        .info {
            font-weight: bold;
            margin-bottom: 10px;
        }

        .footer {
            text-align: center;
            margin-top: 20px;
        }
    </style>
    <title>Email Confirmation</title>
</head>
<body>
<div class="container">
    <div class="banner">
        Email Confirmation <br>
        <span style="font-size: 16px; font-weight: normal;"> Please click the link below to enable your account!</span>
    </div>
    <div class="message">

    </div>
    <div class="footer">
        <p>For more information, please visit our Facebook page:</p>
        <p><a href="https://localhost:8080/api/v1/client/confirm/59db0f44-5ceb-4616-a7b6-d70068f56c6e">Confirmation link</a></p>
        <br/>
        <p>Expires at : <span>06/10/2023 07:07:57</span></p>
    </div>
</div>
</body>
</html>

------=_Part_4_475590872.1686265677913--

------=_Part_3_1956940316.1686265677912--
.
250 2.0.0 OK  1686265680 x16-20020aa79190000000b0064f76992905sm1523858pfa.202 - gsmtp
DEBUG SMTP: message successfully delivered to mail server
QUIT
221 2.0.0 closing connection x16-20020aa79190000000b0064f76992905sm1523858pfa.202 - gsmtp
<201 CREATED Created,{header=Registration Successful, body=Please confirm your email to activate your account!, email=swaswaemail@gmail.com, footer=Email will expired in 24 hours, token=eyJ0eXBlIjoiSldUIiwiYWxnIjoiSFMyNTYifQ.eyJzdWIiOiJzd2Fzd2FlbWFpbEBnbWFpbC5jb20iLCJpYXQiOjE2ODYyNjU2NzcsImV4cCI6MTY4NjMwODg3N30.wSqEBLsGXlCF2HJyGq3q5fEicRC8niBJ0ZTstpmBdZM, response={mappedBody={footer=Email will expired in 24 hours, header=Registration Successful, body=Please confirm your email to activate your account!, email=swaswaemail@gmail.com}}},[X-Content-Type-Options:"nosniff", X-XSS-Protection:"0", Cache-Control:"no-cache, no-store, max-age=0, must-revalidate", Pragma:"no-cache", Expires:"0", X-Frame-Options:"DENY", Content-Type:"application/json", Transfer-Encoding:"chunked", Date:"Thu, 08 Jun 2023 23:08:01 GMT", Keep-Alive:"timeout=60", Connection:"keep-alive"]>
<409 CONFLICT Conflict,{status=CONFLICT, errorMessage=email with swaswaemail@gmail.com already exists!, exception=DuplicateEmailException, timeStamp=23:08:01 6/8/2023, statusCode=409},[X-Content-Type-Options:"nosniff", X-XSS-Protection:"0", Cache-Control:"no-cache, no-store, max-age=0, must-revalidate", Pragma:"no-cache", Expires:"0", X-Frame-Options:"DENY", Content-Type:"application/json", Transfer-Encoding:"chunked", Date:"Thu, 08 Jun 2023 23:08:01 GMT", Keep-Alive:"timeout=60", Connection:"keep-alive"]>
]]></system-out>
  </testcase>
  <testcase name="testingAValidAuthentication" classname="ph.cdo.backend.service.controller.AuthenticationControllerTest" time="0.278">
    <system-out><![CDATA[Pass $2a$10$s1JJRvlMltuYWobNf.VjouaxUAaxrBA.x9/fu4QDjcqdhG9WejAAG
swaswa14@gmail.com
{token=eyJ0eXBlIjoiSldUIiwiYWxnIjoiSFMyNTYifQ.eyJzdWIiOiJzd2Fzd2ExNEBnbWFpbC5jb20iLCJpYXQiOjE2ODYyNjU2ODEsImV4cCI6MTY4NjMwODg4MX0.q4Wfz3JxRFyMT7gEl75lTSoYrpmsDc8aB-4d07BpJJs, role=Client}
]]></system-out>
  </testcase>
</testsuite>