<?xml version="1.0" encoding="UTF-8"?>
<testsuite xmlns:xsi="http://www.w3.org/2001/XMLSchema-instance" xsi:noNamespaceSchemaLocation="https://maven.apache.org/surefire/maven-surefire-plugin/xsd/surefire-test-report-3.0.xsd" version="3.0" name="ph.cdo.backend.service.data_jpa_test.AdminRepositoryTest" time="1.771" tests="1" errors="0" skipped="0" failures="0">
  <properties>
[...]
</properties>
  <testcase name="testSaveClient" classname="ph.cdo.backend.service.data_jpa_test.AdminRepositoryTest" time="0.219">
    <system-out><![CDATA[2023-06-09T14:15:21.803+08:00  INFO 11452 --- [           main] t.c.s.AnnotationConfigContextLoaderUtils : Could not detect default configuration classes for test class [ph.cdo.backend.service.data_jpa_test.AdminRepositoryTest]: AdminRepositoryTest does not declare any static, non-private, non-final, nested classes annotated with @Configuration.
2023-06-09T14:15:21.863+08:00  INFO 11452 --- [           main] .b.t.c.SpringBootTestContextBootstrapper : Found @SpringBootConfiguration ph.cdo.backend.BackEndApplication for test class ph.cdo.backend.service.data_jpa_test.AdminRepositoryTest

  .   ____          _            __ _ _
 /\\ / ___'_ __ _ _(_)_ __  __ _ \ \ \ \
( ( )\___ | '_ | '_| | '_ \/ _` | \ \ \ \
 \\/  ___)| |_)| | | | | || (_| |  ) ) ) )
  '  |____| .__|_| |_|_| |_\__, | / / / /
 =========|_|==============|___/=/_/_/_/
 :: Spring Boot ::                (v3.1.0)

2023-06-09T14:15:21.930+08:00  INFO 11452 --- [           main] p.c.b.s.d.AdminRepositoryTest            : Starting AdminRepositoryTest using Java 17.0.6 with PID 11452 (started by admin in C:\Users\admin\Documents\GitHub\gambling\back-end)
2023-06-09T14:15:21.931+08:00  INFO 11452 --- [           main] p.c.b.s.d.AdminRepositoryTest            : The following 1 profile is active: "test"
2023-06-09T14:15:22.254+08:00  INFO 11452 --- [           main] .s.d.r.c.RepositoryConfigurationDelegate : Bootstrapping Spring Data JPA repositories in DEFAULT mode.
2023-06-09T14:15:22.321+08:00  INFO 11452 --- [           main] .s.d.r.c.RepositoryConfigurationDelegate : Finished Spring Data repository scanning in 67 ms. Found 5 JPA repository interfaces.
2023-06-09T14:15:22.362+08:00  INFO 11452 --- [           main] beddedDataSourceBeanFactoryPostProcessor : Replacing 'dataSource' DataSource bean with embedded version
2023-06-09T14:15:22.419+08:00  INFO 11452 --- [           main] o.s.j.d.e.EmbeddedDatabaseFactory        : Starting embedded database: url='jdbc:h2:mem:72dfaf62-1540-41b4-85d8-678194ed1697;DB_CLOSE_DELAY=-1;DB_CLOSE_ON_EXIT=false', username='sa'
2023-06-09T14:15:22.468+08:00  INFO 11452 --- [           main] o.hibernate.jpa.internal.util.LogHelper  : HHH000204: Processing PersistenceUnitInfo [name: default]
2023-06-09T14:15:22.498+08:00  INFO 11452 --- [           main] o.h.b.i.BytecodeProviderInitiator        : HHH000021: Bytecode provider name : bytebuddy
2023-06-09T14:15:22.498+08:00  INFO 11452 --- [           main] o.s.o.j.p.SpringPersistenceUnitInfo      : No LoadTimeWeaver setup: ignoring JPA class transformer
2023-06-09T14:15:22.503+08:00  INFO 11452 --- [           main] org.hibernate.orm.dialect                : HHH035001: Using dialect: org.hibernate.dialect.H2Dialect, version: 2.1.214
2023-06-09T14:15:22.518+08:00  WARN 11452 --- [           main] o.h.b.i.InFlightMetadataCollectorImpl    : HHH000069: Duplicate generator name entity_sequence
2023-06-09T14:15:22.552+08:00  INFO 11452 --- [           main] o.h.b.i.BytecodeProviderInitiator        : HHH000021: Bytecode provider name : bytebuddy
2023-06-09T14:15:22.897+08:00  INFO 11452 --- [           main] o.h.e.t.j.p.i.JtaPlatformInitiator       : HHH000490: Using JtaPlatform implementation: [org.hibernate.engine.transaction.jta.platform.internal.NoJtaPlatform]
Hibernate: 
    drop table if exists "admin" cascade 
Hibernate: 
    drop table if exists "agent" cascade 
Hibernate: 
    drop table if exists "client" cascade 
Hibernate: 
    drop table if exists "client_transactions" cascade 
Hibernate: 
    drop table if exists "token" cascade 
Hibernate: 
    drop table if exists "transaction" cascade 
Hibernate: 
    drop sequence if exists "entity_sequence"
Hibernate: 
    drop sequence if exists "transaction_sequence"
Hibernate: 
    drop sequence if exists "user_sequence"
Hibernate: 
    create sequence "entity_sequence" start with 1 increment by 1
Hibernate: 
    create sequence "transaction_sequence" start with 1 increment by 1
Hibernate: 
    create sequence "user_sequence" start with 1 increment by 1
Hibernate: 
    create table "admin" (
        "is_enabled" boolean not null,
        "is_locked" boolean not null,
        "id" bigint not null,
        "agent_code" varchar(255),
        "email" varchar(255),
        "mobile_phone" varchar(255),
        "name" varchar(255),
        "password" varchar(255),
        "role" varchar(255) check ("role" in ('Admin','Agent','Client')),
        primary key ("id")
    )
Hibernate: 
    create table "agent" (
        "is_enabled" boolean not null,
        "is_locked" boolean not null,
        "id" bigint not null,
        "agent_code" varchar(255),
        "email" varchar(255),
        "mobile_phone" varchar(255),
        "password" varchar(255),
        "role" varchar(255) check ("role" in ('Admin','Agent','Client')),
        primary key ("id")
    )
Hibernate: 
    create table "client" (
        "balance" numeric(38,2),
        "is_enabled" boolean not null,
        "is_locked" boolean not null,
        "id" bigint not null,
        "email" varchar(255),
        "invitation_code" varchar(255),
        "mobile_phone" varchar(255),
        "password" varchar(255),
        "role" varchar(255) check ("role" in ('Admin','Agent','Client')),
        primary key ("id")
    )
Hibernate: 
    create table "client_transactions" (
        "client_id" bigint not null,
        "transactions_id" bigint not null unique
    )
Hibernate: 
    create table "token" (
        "created_on" timestamp(6) with time zone not null,
        "expiry_date" timestamp(6),
        "id" bigint not null,
        "last_updated_on" timestamp(6) with time zone not null,
        "user_id" bigint unique,
        "token" varchar(255) not null,
        "token_type" varchar(255) check ("token_type" in ('Change_Password','Enabled_Account')),
        primary key ("id")
    )
Hibernate: 
    create table "transaction" (
        "value" numeric(38,2),
        "client_id" bigint not null,
        "create_date" timestamp(6),
        "id" bigint not null,
        "transaction_type" varchar(255) check ("transaction_type" in ('DEBIT','CREDIT','TRANSFER')),
        primary key ("id")
    )
Hibernate: 
    alter table if exists "client_transactions" 
       add constraint "FKnswbmly1xou5ms2q8wt2v8d4k" 
       foreign key ("transactions_id") 
       references "transaction"
Hibernate: 
    alter table if exists "client_transactions" 
       add constraint "FKl72lly385bn01j9duvbsdw2ho" 
       foreign key ("client_id") 
       references "client"
Hibernate: 
    alter table if exists "transaction" 
       add constraint "FKkp75daqk1ox73pkpga513weh5" 
       foreign key ("client_id") 
       references "client"
2023-06-09T14:15:22.924+08:00  INFO 11452 --- [           main] o.h.t.s.i.e.GenerationTargetToDatabase   : HHH000476: Executing script '[injected ScriptSourceInputNonExistentImpl script]'
2023-06-09T14:15:22.925+08:00  INFO 11452 --- [           main] j.LocalContainerEntityManagerFactoryBean : Initialized JPA EntityManagerFactory for persistence unit 'default'
2023-06-09T14:15:23.337+08:00  INFO 11452 --- [           main] p.c.b.s.d.AdminRepositoryTest            : Started AdminRepositoryTest in 1.467 seconds (process running for 25.257)
Hibernate: 
    select
        next value for "user_sequence"
Hibernate: 
    insert 
    into
        "admin"
        ("email","is_enabled","is_locked","mobile_phone","password","role","agent_code","name","id") 
    values
        (?,?,?,?,?,?,?,?,?)
Hibernate: 
    select
        a1_0."id",
        a1_0."email",
        a1_0."is_enabled",
        a1_0."is_locked",
        a1_0."mobile_phone",
        a1_0."password",
        a1_0."role",
        a1_0."agent_code",
        a1_0."name" 
    from
        "admin" a1_0 
    where
        a1_0."id"=?
]]></system-out>
  </testcase>
</testsuite>