<?xml version="1.0" encoding="UTF-8"?>
<testsuite xmlns:xsi="http://www.w3.org/2001/XMLSchema-instance" xsi:noNamespaceSchemaLocation="https://maven.apache.org/surefire/maven-surefire-plugin/xsd/surefire-test-report-3.0.xsd" version="3.0" name="ph.cdo.backend.service.unitTests.TokenServiceTest" time="0.232" tests="7" errors="0" skipped="0" failures="0">
  <properties>
[...]
</properties>
  <testcase name="testDeleteToken" classname="ph.cdo.backend.service.unitTests.TokenServiceTest" time="0.185"/>
  <testcase name="testUpdateEntity" classname="ph.cdo.backend.service.unitTests.TokenServiceTest" time="0.024">
    <system-out><![CDATA[OToken Token(token=1658c582-c048-4245-9727-fc236e551e39, user=User{id=451, email='jacob.legros@gmail.com', password='dux9tk2g77fi', mobilePhone='1-135-503-1362', role=Client, isEnabled=false, isLocked=false}, tokenType=Enabled_Account, expiryDate=Sat Jun 10 10:17:40 SGT 2023)
UToken Token(token=07b9c5ce-32fc-490a-8581-1c3e3b8a9da5, user=User{id=42, email='rayford.mayer@yahoo.com', password='ojhboacrz6tif', mobilePhone='(272) 847-9185', role=Client, isEnabled=false, isLocked=false}, tokenType=Enabled_Account, expiryDate=Wed Jun 14 07:03:57 SGT 2023)
Original Token 
TokenDTO[id=1, userID=451, userEmail=jacob.legros@gmail.com, token=1658c582-c048-4245-9727-fc236e551e39, tokenType=Enabled_Account, expiryDate=Sat Jun 10 10:17:40 SGT 2023]
Updated Token 
TokenDTO[id=1, userID=42, userEmail=rayford.mayer@yahoo.com, token=07b9c5ce-32fc-490a-8581-1c3e3b8a9da5, tokenType=Change_Password, expiryDate=Wed Jun 14 07:03:57 SGT 2023]
]]></system-out>
  </testcase>
  <testcase name="testingGettingAllToken" classname="ph.cdo.backend.service.unitTests.TokenServiceTest" time="0.004"/>
  <testcase name="testFindById" classname="ph.cdo.backend.service.unitTests.TokenServiceTest" time="0.002">
    <system-out><![CDATA[TokenDTO[id=1, userID=883, userEmail=jere.dickens@gmail.com, token=4d90720c-07df-4b3e-8391-b2dad45e9137, tokenType=Enabled_Account, expiryDate=Sat Jun 17 05:16:42 SGT 2023]
]]></system-out>
  </testcase>
  <testcase name="testingIfNotNull" classname="ph.cdo.backend.service.unitTests.TokenServiceTest" time="0.002"/>
  <testcase name="testCreate" classname="ph.cdo.backend.service.unitTests.TokenServiceTest" time="0.004">
    <system-out><![CDATA[Token Token(token=58e2334b-b3a1-4f70-9ca2-7561792326d5, user=User{id=895, email='rosanna.smith@hotmail.com', password='gbv4yzoj6k9', mobilePhone='(984) 696-4715', role=Client, isEnabled=false, isLocked=false}, tokenType=Enabled_Account, expiryDate=Tue Jun 13 14:20:50 SGT 2023)
Expected token TokenDTO[id=1, userID=895, userEmail=rosanna.smith@hotmail.com, token=58e2334b-b3a1-4f70-9ca2-7561792326d5, tokenType=Enabled_Account, expiryDate=Tue Jun 13 14:20:50 SGT 2023]
Token Token(token=58e2334b-b3a1-4f70-9ca2-7561792326d5, user=User{id=895, email='rosanna.smith@hotmail.com', password='gbv4yzoj6k9', mobilePhone='(984) 696-4715', role=Client, isEnabled=false, isLocked=false}, tokenType=Enabled_Account, expiryDate=Tue Jun 13 14:20:50 SGT 2023)
Expected token TokenDTO[id=1, userID=895, userEmail=rosanna.smith@hotmail.com, token=58e2334b-b3a1-4f70-9ca2-7561792326d5, tokenType=Enabled_Account, expiryDate=Tue Jun 13 14:20:50 SGT 2023]
]]></system-out>
  </testcase>
  <testcase name="testingIfTokenNotNull" classname="ph.cdo.backend.service.unitTests.TokenServiceTest" time="0.004">
    <system-out><![CDATA[Token
 TokenDTO[id=156, userID=129, userEmail=douglas.connelly@hotmail.com, token=d7533d55-b1bb-4d45-b81a-d1bbfd51e3fa, tokenType=Enabled_Account, expiryDate=Sat Jun 10 01:00:22 SGT 2023]
]]></system-out>
  </testcase>
</testsuite>