<?xml version="1.0" encoding="UTF-8"?>
<testsuite xmlns:xsi="http://www.w3.org/2001/XMLSchema-instance" xsi:noNamespaceSchemaLocation="https://maven.apache.org/surefire/maven-surefire-plugin/xsd/surefire-test-report-3.0.xsd" version="3.0" name="ph.cdo.backend.service.unitTests.IUserAdminServiceTest" time="1.752" tests="12" errors="0" skipped="0" failures="0">
  <properties>
[...]
</properties>
  <testcase name="testSaveNull" classname="ph.cdo.backend.service.unitTests.IUserAdminServiceTest" time="0.107">
    <system-out><![CDATA[2023-06-09T07:08:06.505+08:00  INFO 11536 --- [           main] t.c.s.AnnotationConfigContextLoaderUtils : Could not detect default configuration classes for test class [ph.cdo.backend.service.unitTests.IUserAdminServiceTest]: IUserAdminServiceTest does not declare any static, non-private, non-final, nested classes annotated with @Configuration.
2023-06-09T07:08:06.527+08:00  INFO 11536 --- [           main] .b.t.c.SpringBootTestContextBootstrapper : Found @SpringBootConfiguration ph.cdo.backend.BackEndApplication for test class ph.cdo.backend.service.unitTests.IUserAdminServiceTest

  .   ____          _            __ _ _
 /\\ / ___'_ __ _ _(_)_ __  __ _ \ \ \ \
( ( )\___ | '_ | '_| | '_ \/ _` | \ \ \ \
 \\/  ___)| |_)| | | | | || (_| |  ) ) ) )
  '  |____| .__|_| |_|_| |_\__, | / / / /
 =========|_|==============|___/=/_/_/_/
 :: Spring Boot ::                (v3.1.0)

2023-06-09T07:08:06.569+08:00  INFO 11536 --- [           main] p.c.b.s.unitTests.IUserAdminServiceTest  : Starting IUserAdminServiceTest using Java 17.0.6 with PID 11536 (started by admin in C:\Users\admin\Documents\GitHub\gambling\back-end)
2023-06-09T07:08:06.569+08:00  INFO 11536 --- [           main] p.c.b.s.unitTests.IUserAdminServiceTest  : The following 1 profile is active: "test"
2023-06-09T07:08:07.068+08:00  INFO 11536 --- [           main] .s.d.r.c.RepositoryConfigurationDelegate : Bootstrapping Spring Data JPA repositories in DEFAULT mode.
2023-06-09T07:08:07.116+08:00  INFO 11536 --- [           main] .s.d.r.c.RepositoryConfigurationDelegate : Finished Spring Data repository scanning in 47 ms. Found 5 JPA repository interfaces.
2023-06-09T07:08:07.326+08:00  INFO 11536 --- [           main] o.hibernate.jpa.internal.util.LogHelper  : HHH000204: Processing PersistenceUnitInfo [name: default]
2023-06-09T07:08:07.339+08:00  INFO 11536 --- [           main] o.h.b.i.BytecodeProviderInitiator        : HHH000021: Bytecode provider name : bytebuddy
2023-06-09T07:08:07.339+08:00  INFO 11536 --- [           main] o.s.o.j.p.SpringPersistenceUnitInfo      : No LoadTimeWeaver setup: ignoring JPA class transformer
2023-06-09T07:08:07.341+08:00  INFO 11536 --- [           main] com.zaxxer.hikari.HikariDataSource       : HikariPool-3 - Starting...
2023-06-09T07:08:07.343+08:00  INFO 11536 --- [           main] com.zaxxer.hikari.pool.HikariPool        : HikariPool-3 - Added connection conn33: url=jdbc:h2:mem:unscathed user=SA
2023-06-09T07:08:07.343+08:00  INFO 11536 --- [           main] com.zaxxer.hikari.HikariDataSource       : HikariPool-3 - Start completed.
2023-06-09T07:08:07.344+08:00  INFO 11536 --- [           main] org.hibernate.orm.dialect                : HHH035001: Using dialect: org.hibernate.dialect.H2Dialect, version: 2.1.214
2023-06-09T07:08:07.350+08:00  WARN 11536 --- [           main] o.h.b.i.InFlightMetadataCollectorImpl    : HHH000069: Duplicate generator name entity_sequence
2023-06-09T07:08:07.369+08:00  INFO 11536 --- [           main] o.h.b.i.BytecodeProviderInitiator        : HHH000021: Bytecode provider name : bytebuddy
2023-06-09T07:08:07.512+08:00  INFO 11536 --- [           main] o.h.e.t.j.p.i.JtaPlatformInitiator       : HHH000490: Using JtaPlatform implementation: [org.hibernate.engine.transaction.jta.platform.internal.NoJtaPlatform]
2023-06-09T07:08:07.529+08:00  INFO 11536 --- [           main] o.h.t.s.i.e.GenerationTargetToDatabase   : HHH000476: Executing script '[injected ScriptSourceInputNonExistentImpl script]'
2023-06-09T07:08:07.530+08:00  INFO 11536 --- [           main] j.LocalContainerEntityManagerFactoryBean : Initialized JPA EntityManagerFactory for persistence unit 'default'
2023-06-09T07:08:07.771+08:00  WARN 11536 --- [           main] JpaBaseConfiguration$JpaWebConfiguration : spring.jpa.open-in-view is enabled by default. Therefore, database queries may be performed during view rendering. Explicitly configure spring.jpa.open-in-view to disable this warning
2023-06-09T07:08:07.802+08:00  INFO 11536 --- [           main] o.s.s.web.DefaultSecurityFilterChain     : Will secure any request with [org.springframework.security.web.session.DisableEncodeUrlFilter@782a4056, org.springframework.security.web.context.request.async.WebAsyncManagerIntegrationFilter@2200d281, org.springframework.security.web.context.SecurityContextHolderFilter@36dc3fae, org.springframework.security.web.header.HeaderWriterFilter@70095341, org.springframework.security.web.authentication.logout.LogoutFilter@32dd05af, ph.cdo.backend.config.JwtAuthFilter@3c98e574, org.springframework.security.web.savedrequest.RequestCacheAwareFilter@404fb8c2, org.springframework.security.web.servletapi.SecurityContextHolderAwareRequestFilter@7ae678d1, org.springframework.security.web.authentication.AnonymousAuthenticationFilter@643b798d, org.springframework.security.web.session.SessionManagementFilter@c3f234, org.springframework.security.web.access.ExceptionTranslationFilter@6903fcd3, org.springframework.security.web.access.intercept.AuthorizationFilter@4600f352]
2023-06-09T07:08:08.047+08:00  INFO 11536 --- [           main] p.c.b.s.unitTests.IUserAdminServiceTest  : Started IUserAdminServiceTest in 1.514 seconds (process running for 29.168)
]]></system-out>
  </testcase>
  <testcase name="testSave" classname="ph.cdo.backend.service.unitTests.IUserAdminServiceTest" time="0.021"/>
  <testcase name="testUpdateNullId" classname="ph.cdo.backend.service.unitTests.IUserAdminServiceTest" time="0.005"/>
  <testcase name="testFindAllUnlocked" classname="ph.cdo.backend.service.unitTests.IUserAdminServiceTest" time="0.006"/>
  <testcase name="testFindAllByRole" classname="ph.cdo.backend.service.unitTests.IUserAdminServiceTest" time="0.006"/>
  <testcase name="testFindAllLocked" classname="ph.cdo.backend.service.unitTests.IUserAdminServiceTest" time="0.005"/>
  <testcase name="testRetrieveAll" classname="ph.cdo.backend.service.unitTests.IUserAdminServiceTest" time="0.005"/>
  <testcase name="testFindAllDisabled" classname="ph.cdo.backend.service.unitTests.IUserAdminServiceTest" time="0.006"/>
  <testcase name="testFindAllEnabled" classname="ph.cdo.backend.service.unitTests.IUserAdminServiceTest" time="0.006"/>
  <testcase name="testRetrieveById" classname="ph.cdo.backend.service.unitTests.IUserAdminServiceTest" time="0.006"/>
  <testcase name="testUpdate" classname="ph.cdo.backend.service.unitTests.IUserAdminServiceTest" time="0.006"/>
  <testcase name="testRetrieveByIdNotFound" classname="ph.cdo.backend.service.unitTests.IUserAdminServiceTest" time="0.005"/>
</testsuite>