<?xml version="1.0" encoding="UTF-8"?>
<testsuite xmlns:xsi="http://www.w3.org/2001/XMLSchema-instance" xsi:noNamespaceSchemaLocation="https://maven.apache.org/surefire/maven-surefire-plugin/xsd/surefire-test-report-3.0.xsd" version="3.0" name="ph.cdo.backend.service.controller.AuthenticationControllerTest" time="10.204" tests="7" errors="0" skipped="0" failures="0">
  <properties>
[...]
</properties>
  <testcase name="multipleInvalidFieldsClientRegistrationTest" classname="ph.cdo.backend.service.controller.AuthenticationControllerTest" time="0.425">
    <system-out><![CDATA[2023-06-09T12:19:18.912+08:00  INFO 15372 --- [           main] t.c.s.AnnotationConfigContextLoaderUtils : Could not detect default configuration classes for test class [ph.cdo.backend.service.controller.AuthenticationControllerTest]: AuthenticationControllerTest does not declare any static, non-private, non-final, nested classes annotated with @Configuration.
2023-06-09T12:19:18.936+08:00  INFO 15372 --- [           main] .b.t.c.SpringBootTestContextBootstrapper : Found @SpringBootConfiguration ph.cdo.backend.BackEndApplication for test class ph.cdo.backend.service.controller.AuthenticationControllerTest

  .   ____          _            __ _ _
 /\\ / ___'_ __ _ _(_)_ __  __ _ \ \ \ \
( ( )\___ | '_ | '_| | '_ \/ _` | \ \ \ \
 \\/  ___)| |_)| | | | | || (_| |  ) ) ) )
  '  |____| .__|_| |_|_| |_\__, | / / / /
 =========|_|==============|___/=/_/_/_/
 :: Spring Boot ::                (v3.1.0)

2023-06-09T12:19:18.993+08:00  INFO 15372 --- [           main] p.c.b.s.c.AuthenticationControllerTest   : Starting AuthenticationControllerTest using Java 17.0.6 with PID 15372 (started by admin in C:\Users\admin\Documents\GitHub\gambling\back-end)
2023-06-09T12:19:18.994+08:00  INFO 15372 --- [           main] p.c.b.s.c.AuthenticationControllerTest   : The following 1 profile is active: "test"
2023-06-09T12:19:19.551+08:00  INFO 15372 --- [           main] .s.d.r.c.RepositoryConfigurationDelegate : Bootstrapping Spring Data JPA repositories in DEFAULT mode.
2023-06-09T12:19:19.601+08:00  INFO 15372 --- [           main] .s.d.r.c.RepositoryConfigurationDelegate : Finished Spring Data repository scanning in 50 ms. Found 5 JPA repository interfaces.
2023-06-09T12:19:19.884+08:00  INFO 15372 --- [           main] o.s.b.w.embedded.tomcat.TomcatWebServer  : Tomcat initialized with port(s): 0 (http)
2023-06-09T12:19:19.898+08:00  INFO 15372 --- [           main] o.apache.catalina.core.StandardService   : Starting service [Tomcat]
2023-06-09T12:19:19.899+08:00  INFO 15372 --- [           main] o.apache.catalina.core.StandardEngine    : Starting Servlet engine: [Apache Tomcat/10.1.8]
2023-06-09T12:19:20.022+08:00  INFO 15372 --- [           main] o.a.c.c.C.[Tomcat].[localhost].[/]       : Initializing Spring embedded WebApplicationContext
2023-06-09T12:19:20.022+08:00  INFO 15372 --- [           main] w.s.c.ServletWebServerApplicationContext : Root WebApplicationContext: initialization completed in 1026 ms
2023-06-09T12:19:20.132+08:00  INFO 15372 --- [           main] o.hibernate.jpa.internal.util.LogHelper  : HHH000204: Processing PersistenceUnitInfo [name: default]
2023-06-09T12:19:20.145+08:00  INFO 15372 --- [           main] o.h.b.i.BytecodeProviderInitiator        : HHH000021: Bytecode provider name : bytebuddy
2023-06-09T12:19:20.146+08:00  INFO 15372 --- [           main] o.s.o.j.p.SpringPersistenceUnitInfo      : No LoadTimeWeaver setup: ignoring JPA class transformer
2023-06-09T12:19:20.147+08:00  INFO 15372 --- [           main] com.zaxxer.hikari.HikariDataSource       : HikariPool-2 - Starting...
2023-06-09T12:19:20.148+08:00  INFO 15372 --- [           main] com.zaxxer.hikari.pool.HikariPool        : HikariPool-2 - Added connection conn10: url=jdbc:h2:mem:unscathed user=SA
2023-06-09T12:19:20.149+08:00  INFO 15372 --- [           main] com.zaxxer.hikari.HikariDataSource       : HikariPool-2 - Start completed.
2023-06-09T12:19:20.150+08:00  INFO 15372 --- [           main] org.hibernate.orm.dialect                : HHH035001: Using dialect: org.hibernate.dialect.H2Dialect, version: 2.1.214
2023-06-09T12:19:20.167+08:00  WARN 15372 --- [           main] o.h.b.i.InFlightMetadataCollectorImpl    : HHH000069: Duplicate generator name entity_sequence
2023-06-09T12:19:20.187+08:00  INFO 15372 --- [           main] o.h.b.i.BytecodeProviderInitiator        : HHH000021: Bytecode provider name : bytebuddy
2023-06-09T12:19:20.313+08:00  INFO 15372 --- [           main] o.h.e.t.j.p.i.JtaPlatformInitiator       : HHH000490: Using JtaPlatform implementation: [org.hibernate.engine.transaction.jta.platform.internal.NoJtaPlatform]
2023-06-09T12:19:20.334+08:00  INFO 15372 --- [           main] o.h.t.s.i.e.GenerationTargetToDatabase   : HHH000476: Executing script '[injected ScriptSourceInputNonExistentImpl script]'
2023-06-09T12:19:20.335+08:00  INFO 15372 --- [           main] j.LocalContainerEntityManagerFactoryBean : Initialized JPA EntityManagerFactory for persistence unit 'default'
2023-06-09T12:19:20.621+08:00  WARN 15372 --- [           main] JpaBaseConfiguration$JpaWebConfiguration : spring.jpa.open-in-view is enabled by default. Therefore, database queries may be performed during view rendering. Explicitly configure spring.jpa.open-in-view to disable this warning
2023-06-09T12:19:20.635+08:00  INFO 15372 --- [           main] o.s.s.web.DefaultSecurityFilterChain     : Will secure any request with [org.springframework.security.web.session.DisableEncodeUrlFilter@30f454f4, org.springframework.security.web.context.request.async.WebAsyncManagerIntegrationFilter@1f5faa89, org.springframework.security.web.context.SecurityContextHolderFilter@18ab9b9e, org.springframework.security.web.header.HeaderWriterFilter@44d83a12, org.springframework.security.web.authentication.logout.LogoutFilter@2ba0948f, ph.cdo.backend.config.JwtAuthFilter@62b903ae, org.springframework.security.web.savedrequest.RequestCacheAwareFilter@6820ab53, org.springframework.security.web.servletapi.SecurityContextHolderAwareRequestFilter@6d2d04ef, org.springframework.security.web.authentication.AnonymousAuthenticationFilter@67d44ae9, org.springframework.security.web.session.SessionManagementFilter@7fbfb062, org.springframework.security.web.access.ExceptionTranslationFilter@2abb4810, org.springframework.security.web.access.intercept.AuthorizationFilter@43b8a6de]
2023-06-09T12:19:20.835+08:00  INFO 15372 --- [           main] o.s.b.a.e.web.EndpointLinksResolver      : Exposing 1 endpoint(s) beneath base path '/actuator'
2023-06-09T12:19:20.909+08:00  INFO 15372 --- [           main] o.s.b.w.embedded.tomcat.TomcatWebServer  : Tomcat started on port(s): 27887 (http) with context path ''
2023-06-09T12:19:20.916+08:00  INFO 15372 --- [           main] p.c.b.s.c.AuthenticationControllerTest   : Started AuthenticationControllerTest in 1.972 seconds (process running for 12.335)
2023-06-09T12:19:21.110+08:00  INFO 15372 --- [o-auto-1-exec-1] o.a.c.c.C.[Tomcat].[localhost].[/]       : Initializing Spring DispatcherServlet 'dispatcherServlet'
2023-06-09T12:19:21.110+08:00  INFO 15372 --- [o-auto-1-exec-1] o.s.web.servlet.DispatcherServlet        : Initializing Servlet 'dispatcherServlet'
2023-06-09T12:19:21.112+08:00  INFO 15372 --- [o-auto-1-exec-1] o.s.web.servlet.DispatcherServlet        : Completed initialization in 2 ms
<422 UNPROCESSABLE_ENTITY Unprocessable Entity,{numberOfErrors=2, errorMaps={SIZE ERROR={fieldName=password, rejectedValue=1234, errorMessage=Password length should be between 6 and 255 characters, exceptionName=ViolationFieldError, statusCode=Size}, EMAIL ERROR={fieldName=email, rejectedValue=invalidEmail, errorMessage=Must be a valid email, exceptionName=ViolationFieldError, statusCode=Email}}, status=UNPROCESSABLE_ENTITY, exception=InvalidValueException},[X-Content-Type-Options:"nosniff", X-XSS-Protection:"0", Cache-Control:"no-cache, no-store, max-age=0, must-revalidate", Pragma:"no-cache", Expires:"0", X-Frame-Options:"DENY", Content-Type:"application/json", Transfer-Encoding:"chunked", Date:"Fri, 09 Jun 2023 04:19:21 GMT", Keep-Alive:"timeout=60", Connection:"keep-alive"]>
{numberOfErrors=2, errorMaps={SIZE ERROR={fieldName=password, rejectedValue=1234, errorMessage=Password length should be between 6 and 255 characters, exceptionName=ViolationFieldError, statusCode=Size}, EMAIL ERROR={fieldName=email, rejectedValue=invalidEmail, errorMessage=Must be a valid email, exceptionName=ViolationFieldError, statusCode=Email}}, status=UNPROCESSABLE_ENTITY, exception=InvalidValueException}
]]></system-out>
  </testcase>
  <testcase name="invalidEmailClientRegistrationTest" classname="ph.cdo.backend.service.controller.AuthenticationControllerTest" time="0.022">
    <system-out><![CDATA[<422 UNPROCESSABLE_ENTITY Unprocessable Entity,{numberOfErrors=1, errorMaps={EMAIL ERROR={fieldName=email, rejectedValue=invalidEmail, errorMessage=Must be a valid email, exceptionName=ViolationFieldError, statusCode=Email}}, status=UNPROCESSABLE_ENTITY, exception=InvalidValueException},[X-Content-Type-Options:"nosniff", X-XSS-Protection:"0", Cache-Control:"no-cache, no-store, max-age=0, must-revalidate", Pragma:"no-cache", Expires:"0", X-Frame-Options:"DENY", Content-Type:"application/json", Transfer-Encoding:"chunked", Date:"Fri, 09 Jun 2023 04:19:21 GMT", Keep-Alive:"timeout=60", Connection:"keep-alive"]>
]]></system-out>
  </testcase>
  <testcase name="testingAValidClientRegistration" classname="ph.cdo.backend.service.controller.AuthenticationControllerTest" time="4.127">
    <system-out><![CDATA[DEBUG: Jakarta Mail version 2.1.1
DEBUG: URL jar:file:/C:/Users/admin/.m2/repository/org/eclipse/angus/jakarta.mail/1.1.0/jakarta.mail-1.1.0.jar!/META-INF/javamail.providers
DEBUG: successfully loaded resource: jar:file:/C:/Users/admin/.m2/repository/org/eclipse/angus/jakarta.mail/1.1.0/jakarta.mail-1.1.0.jar!/META-INF/javamail.providers
DEBUG: successfully loaded resource: /META-INF/javamail.default.providers
DEBUG: Tables of loaded providers
DEBUG: Providers Listed By Class Name: {com.sun.mail.smtp.SMTPTransport=jakarta.mail.Provider[TRANSPORT,smtp,com.sun.mail.smtp.SMTPTransport,Oracle], com.sun.mail.pop3.POP3Store=jakarta.mail.Provider[STORE,pop3,com.sun.mail.pop3.POP3Store,Oracle], com.sun.mail.imap.IMAPSSLStore=jakarta.mail.Provider[STORE,imaps,com.sun.mail.imap.IMAPSSLStore,Oracle], com.sun.mail.smtp.SMTPSSLTransport=jakarta.mail.Provider[TRANSPORT,smtps,com.sun.mail.smtp.SMTPSSLTransport,Oracle], com.sun.mail.pop3.POP3SSLStore=jakarta.mail.Provider[STORE,pop3s,com.sun.mail.pop3.POP3SSLStore,Oracle], com.sun.mail.imap.IMAPStore=jakarta.mail.Provider[STORE,imap,com.sun.mail.imap.IMAPStore,Oracle]}
DEBUG: Providers Listed By Protocol: {imap=jakarta.mail.Provider[STORE,imap,com.sun.mail.imap.IMAPStore,Oracle], smtp=jakarta.mail.Provider[TRANSPORT,smtp,com.sun.mail.smtp.SMTPTransport,Oracle], pop3=jakarta.mail.Provider[STORE,pop3,com.sun.mail.pop3.POP3Store,Oracle], imaps=jakarta.mail.Provider[STORE,imaps,com.sun.mail.imap.IMAPSSLStore,Oracle], smtps=jakarta.mail.Provider[TRANSPORT,smtps,com.sun.mail.smtp.SMTPSSLTransport,Oracle], pop3s=jakarta.mail.Provider[STORE,pop3s,com.sun.mail.pop3.POP3SSLStore,Oracle]}
DEBUG: successfully loaded resource: /META-INF/javamail.default.address.map
DEBUG: URL jar:file:/C:/Users/admin/.m2/repository/org/eclipse/angus/jakarta.mail/1.1.0/jakarta.mail-1.1.0.jar!/META-INF/javamail.address.map
DEBUG: successfully loaded resource: jar:file:/C:/Users/admin/.m2/repository/org/eclipse/angus/jakarta.mail/1.1.0/jakarta.mail-1.1.0.jar!/META-INF/javamail.address.map
DEBUG: getProvider() returning jakarta.mail.Provider[TRANSPORT,smtp,com.sun.mail.smtp.SMTPTransport,Oracle]
DEBUG SMTP: useEhlo true, useAuth true
DEBUG SMTP: trying to connect to host "smtp.gmail.com", port 587, isSSL false
220 smtp.gmail.com ESMTP 21-20020a170902c11500b001ae365072ccsm2168965pli.122 - gsmtp
DEBUG SMTP: connected to host "smtp.gmail.com", port: 587
EHLO host.docker.internal
250-smtp.gmail.com at your service, [180.191.84.177]
250-SIZE 35882577
250-8BITMIME
250-STARTTLS
250-ENHANCEDSTATUSCODES
250-PIPELINING
250-CHUNKING
250 SMTPUTF8
DEBUG SMTP: Found extension "SIZE", arg "35882577"
DEBUG SMTP: Found extension "8BITMIME", arg ""
DEBUG SMTP: Found extension "STARTTLS", arg ""
DEBUG SMTP: Found extension "ENHANCEDSTATUSCODES", arg ""
DEBUG SMTP: Found extension "PIPELINING", arg ""
DEBUG SMTP: Found extension "CHUNKING", arg ""
DEBUG SMTP: Found extension "SMTPUTF8", arg ""
STARTTLS
220 2.0.0 Ready to start TLS
EHLO host.docker.internal
250-smtp.gmail.com at your service, [180.191.84.177]
250-SIZE 35882577
250-8BITMIME
250-AUTH LOGIN PLAIN XOAUTH2 PLAIN-CLIENTTOKEN OAUTHBEARER XOAUTH
250-ENHANCEDSTATUSCODES
250-PIPELINING
250-CHUNKING
250 SMTPUTF8
DEBUG SMTP: Found extension "SIZE", arg "35882577"
DEBUG SMTP: Found extension "8BITMIME", arg ""
DEBUG SMTP: Found extension "AUTH", arg "LOGIN PLAIN XOAUTH2 PLAIN-CLIENTTOKEN OAUTHBEARER XOAUTH"
DEBUG SMTP: Found extension "ENHANCEDSTATUSCODES", arg ""
DEBUG SMTP: Found extension "PIPELINING", arg ""
DEBUG SMTP: Found extension "CHUNKING", arg ""
DEBUG SMTP: Found extension "SMTPUTF8", arg ""
DEBUG SMTP: protocolConnect login, host=smtp.gmail.com, user=unscathedfitness@gmail.com, password=<non-null>
DEBUG SMTP: Attempt to authenticate using mechanisms: LOGIN PLAIN DIGEST-MD5 NTLM XOAUTH2 
DEBUG SMTP: Using mechanism LOGIN
DEBUG SMTP: AUTH LOGIN command trace suppressed
DEBUG SMTP: AUTH LOGIN succeeded
DEBUG SMTP: use8bit false
MAIL FROM:<admin@host.docker.internal>
250 2.1.0 OK 21-20020a170902c11500b001ae365072ccsm2168965pli.122 - gsmtp
RCPT TO:<joshuagarrysalcedo@gmail.com>
250 2.1.5 OK 21-20020a170902c11500b001ae365072ccsm2168965pli.122 - gsmtp
DEBUG SMTP: Verified Addresses
DEBUG SMTP:   joshuagarrysalcedo@gmail.com
DATA
354  Go ahead 21-20020a170902c11500b001ae365072ccsm2168965pli.122 - gsmtp
Date: Fri, 9 Jun 2023 12:19:24 +0800 (SGT)
To: joshuagarrysalcedo@gmail.com
Message-ID: <749114250.2.1686284364048@host.docker.internal>
Subject: Email Confirmation
MIME-Version: 1.0
Content-Type: multipart/mixed; 
	boundary="----=_Part_0_366007597.1686284362172"

------=_Part_0_366007597.1686284362172
Content-Type: multipart/related; 
	boundary="----=_Part_1_608596294.1686284362177"

------=_Part_1_608596294.1686284362177
Content-Type: text/html; charset=us-ascii
Content-Transfer-Encoding: 7bit

<!DOCTYPE html>
<html lang="">
<head>
    <style>
        /* Add your basic CSS styles here */
        body {
            font-family: Arial, sans-serif;
            background-color: #f4f4f4;
            padding: 20px;
        }

        .container {
            background-color: #bbdefb;
            border-radius: 5px;
            padding: 20px;
            margin: 0 auto;
            max-width: 600px;
        }

        .banner {
            background-color: #42a5f5;
            padding: 10px;
            border-radius: 5px;
            text-align: center;
            color: #000000;
            font-size: 20px;
            font-weight: bold;
            margin-bottom: 20px;
        }

        .message {
            font-size: 24px;
            text-align: center;
            margin-bottom: 20px;
        }

        .info {
            font-weight: bold;
            margin-bottom: 10px;
        }

        .footer {
            text-align: center;
            margin-top: 20px;
        }
    </style>
    <title>Email Confirmation</title>
</head>
<body>
<div class="container">
    <div class="banner">
        Email Confirmation <br>
        <span style="font-size: 16px; font-weight: normal;"> Please click the link below to enable your account!</span>
    </div>
    <div class="message">

    </div>
    <div class="footer">
        <p>For more information, please visit our Facebook page:</p>
        <p><a href="https://localhost:8080/api/v1/client/confirm/1744b594-6c2a-40a5-855d-229776adf045">Confirmation link</a></p>
        <br/>
        <p>Expires at : <span>06/10/2023 12:19:21</span></p>
    </div>
</div>
</body>
</html>

------=_Part_1_608596294.1686284362177--

------=_Part_0_366007597.1686284362172--
.
250 2.0.0 OK  1686284364 21-20020a170902c11500b001ae365072ccsm2168965pli.122 - gsmtp
DEBUG SMTP: message successfully delivered to mail server
QUIT
221 2.0.0 closing connection 21-20020a170902c11500b001ae365072ccsm2168965pli.122 - gsmtp
<201 CREATED Created,{header=Registration Successful, body=Please confirm your email to activate your account!, email=joshuagarrysalcedo@gmail.com, footer=Email will expired in 24 hours, token=eyJ0eXBlIjoiSldUIiwiYWxnIjoiSFMyNTYifQ.eyJzdWIiOiJqb3NodWFnYXJyeXNhbGNlZG9AZ21haWwuY29tIiwiaWF0IjoxNjg2Mjg0MzYxLCJleHAiOjE2ODYzMjc1NjF9.NATRC9v6qUPrNSRhMjbRBij-GAKQ2mqTmriPWSlXGo0, response={mappedBody={footer=Email will expired in 24 hours, header=Registration Successful, body=Please confirm your email to activate your account!, email=joshuagarrysalcedo@gmail.com}}},[X-Content-Type-Options:"nosniff", X-XSS-Protection:"0", Cache-Control:"no-cache, no-store, max-age=0, must-revalidate", Pragma:"no-cache", Expires:"0", X-Frame-Options:"DENY", Content-Type:"application/json", Transfer-Encoding:"chunked", Date:"Fri, 09 Jun 2023 04:19:25 GMT", Keep-Alive:"timeout=60", Connection:"keep-alive"]>
]]></system-out>
  </testcase>
  <testcase name="testingIfNotNull" classname="ph.cdo.backend.service.controller.AuthenticationControllerTest" time="0.019"/>
  <testcase name="invalidPasswordClientRegistrationTest" classname="ph.cdo.backend.service.controller.AuthenticationControllerTest" time="0.019">
    <system-out><![CDATA[<422 UNPROCESSABLE_ENTITY Unprocessable Entity,{numberOfErrors=1, errorMaps={SIZE ERROR={fieldName=password, rejectedValue=1234, errorMessage=Password length should be between 6 and 255 characters, exceptionName=ViolationFieldError, statusCode=Size}}, status=UNPROCESSABLE_ENTITY, exception=InvalidValueException},[X-Content-Type-Options:"nosniff", X-XSS-Protection:"0", Cache-Control:"no-cache, no-store, max-age=0, must-revalidate", Pragma:"no-cache", Expires:"0", X-Frame-Options:"DENY", Content-Type:"application/json", Transfer-Encoding:"chunked", Date:"Fri, 09 Jun 2023 04:19:25 GMT", Keep-Alive:"timeout=60", Connection:"keep-alive"]>
]]></system-out>
  </testcase>
  <testcase name="testingDuplicateEmail" classname="ph.cdo.backend.service.controller.AuthenticationControllerTest" time="3.267">
    <system-out><![CDATA[DEBUG: getProvider() returning jakarta.mail.Provider[TRANSPORT,smtp,com.sun.mail.smtp.SMTPTransport,Oracle]
DEBUG SMTP: useEhlo true, useAuth true
DEBUG SMTP: trying to connect to host "smtp.gmail.com", port 587, isSSL false
220 smtp.gmail.com ESMTP i21-20020aa78b55000000b0064fc715b380sm1815680pfd.176 - gsmtp
DEBUG SMTP: connected to host "smtp.gmail.com", port: 587
EHLO host.docker.internal
250-smtp.gmail.com at your service, [180.191.84.177]
250-SIZE 35882577
250-8BITMIME
250-STARTTLS
250-ENHANCEDSTATUSCODES
250-PIPELINING
250-CHUNKING
250 SMTPUTF8
DEBUG SMTP: Found extension "SIZE", arg "35882577"
DEBUG SMTP: Found extension "8BITMIME", arg ""
DEBUG SMTP: Found extension "STARTTLS", arg ""
DEBUG SMTP: Found extension "ENHANCEDSTATUSCODES", arg ""
DEBUG SMTP: Found extension "PIPELINING", arg ""
DEBUG SMTP: Found extension "CHUNKING", arg ""
DEBUG SMTP: Found extension "SMTPUTF8", arg ""
STARTTLS
220 2.0.0 Ready to start TLS
EHLO host.docker.internal
250-smtp.gmail.com at your service, [180.191.84.177]
250-SIZE 35882577
250-8BITMIME
250-AUTH LOGIN PLAIN XOAUTH2 PLAIN-CLIENTTOKEN OAUTHBEARER XOAUTH
250-ENHANCEDSTATUSCODES
250-PIPELINING
250-CHUNKING
250 SMTPUTF8
DEBUG SMTP: Found extension "SIZE", arg "35882577"
DEBUG SMTP: Found extension "8BITMIME", arg ""
DEBUG SMTP: Found extension "AUTH", arg "LOGIN PLAIN XOAUTH2 PLAIN-CLIENTTOKEN OAUTHBEARER XOAUTH"
DEBUG SMTP: Found extension "ENHANCEDSTATUSCODES", arg ""
DEBUG SMTP: Found extension "PIPELINING", arg ""
DEBUG SMTP: Found extension "CHUNKING", arg ""
DEBUG SMTP: Found extension "SMTPUTF8", arg ""
DEBUG SMTP: protocolConnect login, host=smtp.gmail.com, user=unscathedfitness@gmail.com, password=<non-null>
DEBUG SMTP: Attempt to authenticate using mechanisms: LOGIN PLAIN DIGEST-MD5 NTLM XOAUTH2 
DEBUG SMTP: Using mechanism LOGIN
DEBUG SMTP: AUTH LOGIN command trace suppressed
DEBUG SMTP: AUTH LOGIN succeeded
DEBUG SMTP: use8bit false
MAIL FROM:<admin@host.docker.internal>
250 2.1.0 OK i21-20020aa78b55000000b0064fc715b380sm1815680pfd.176 - gsmtp
RCPT TO:<swaswaemail@gmail.com>
250 2.1.5 OK i21-20020aa78b55000000b0064fc715b380sm1815680pfd.176 - gsmtp
DEBUG SMTP: Verified Addresses
DEBUG SMTP:   swaswaemail@gmail.com
DATA
354  Go ahead i21-20020aa78b55000000b0064fc715b380sm1815680pfd.176 - gsmtp
Date: Fri, 9 Jun 2023 12:19:27 +0800 (SGT)
To: swaswaemail@gmail.com
Message-ID: <93651416.5.1686284367341@host.docker.internal>
Subject: Email Confirmation
MIME-Version: 1.0
Content-Type: multipart/mixed; 
	boundary="----=_Part_3_706093353.1686284365655"

------=_Part_3_706093353.1686284365655
Content-Type: multipart/related; 
	boundary="----=_Part_4_297161624.1686284365656"

------=_Part_4_297161624.1686284365656
Content-Type: text/html; charset=us-ascii
Content-Transfer-Encoding: 7bit

<!DOCTYPE html>
<html lang="">
<head>
    <style>
        /* Add your basic CSS styles here */
        body {
            font-family: Arial, sans-serif;
            background-color: #f4f4f4;
            padding: 20px;
        }

        .container {
            background-color: #bbdefb;
            border-radius: 5px;
            padding: 20px;
            margin: 0 auto;
            max-width: 600px;
        }

        .banner {
            background-color: #42a5f5;
            padding: 10px;
            border-radius: 5px;
            text-align: center;
            color: #000000;
            font-size: 20px;
            font-weight: bold;
            margin-bottom: 20px;
        }

        .message {
            font-size: 24px;
            text-align: center;
            margin-bottom: 20px;
        }

        .info {
            font-weight: bold;
            margin-bottom: 10px;
        }

        .footer {
            text-align: center;
            margin-top: 20px;
        }
    </style>
    <title>Email Confirmation</title>
</head>
<body>
<div class="container">
    <div class="banner">
        Email Confirmation <br>
        <span style="font-size: 16px; font-weight: normal;"> Please click the link below to enable your account!</span>
    </div>
    <div class="message">

    </div>
    <div class="footer">
        <p>For more information, please visit our Facebook page:</p>
        <p><a href="https://localhost:8080/api/v1/client/confirm/18c2b61a-5439-4075-9d85-5dedf3a5fe72">Confirmation link</a></p>
        <br/>
        <p>Expires at : <span>06/10/2023 12:19:25</span></p>
    </div>
</div>
</body>
</html>

------=_Part_4_297161624.1686284365656--

------=_Part_3_706093353.1686284365655--
.
250 2.0.0 OK  1686284368 i21-20020aa78b55000000b0064fc715b380sm1815680pfd.176 - gsmtp
DEBUG SMTP: message successfully delivered to mail server
QUIT
221 2.0.0 closing connection i21-20020aa78b55000000b0064fc715b380sm1815680pfd.176 - gsmtp
<201 CREATED Created,{header=Registration Successful, body=Please confirm your email to activate your account!, email=swaswaemail@gmail.com, footer=Email will expired in 24 hours, token=eyJ0eXBlIjoiSldUIiwiYWxnIjoiSFMyNTYifQ.eyJzdWIiOiJzd2Fzd2FlbWFpbEBnbWFpbC5jb20iLCJpYXQiOjE2ODYyODQzNjUsImV4cCI6MTY4NjMyNzU2NX0.NL3hpfMjVaCofUEHLWRA0U1A8SEVfJxqKP_-Gpf41mg, response={mappedBody={footer=Email will expired in 24 hours, header=Registration Successful, body=Please confirm your email to activate your account!, email=swaswaemail@gmail.com}}},[X-Content-Type-Options:"nosniff", X-XSS-Protection:"0", Cache-Control:"no-cache, no-store, max-age=0, must-revalidate", Pragma:"no-cache", Expires:"0", X-Frame-Options:"DENY", Content-Type:"application/json", Transfer-Encoding:"chunked", Date:"Fri, 09 Jun 2023 04:19:28 GMT", Keep-Alive:"timeout=60", Connection:"keep-alive"]>
<409 CONFLICT Conflict,{status=CONFLICT, errorMessage=email with swaswaemail@gmail.com already exists!, exception=DuplicateEmailException, timeStamp=04:19:28 6/9/2023, statusCode=409},[X-Content-Type-Options:"nosniff", X-XSS-Protection:"0", Cache-Control:"no-cache, no-store, max-age=0, must-revalidate", Pragma:"no-cache", Expires:"0", X-Frame-Options:"DENY", Content-Type:"application/json", Transfer-Encoding:"chunked", Date:"Fri, 09 Jun 2023 04:19:28 GMT", Keep-Alive:"timeout=60", Connection:"keep-alive"]>
]]></system-out>
  </testcase>
  <testcase name="testingAValidAuthentication" classname="ph.cdo.backend.service.controller.AuthenticationControllerTest" time="0.295">
    <system-out><![CDATA[Pass $2a$10$0WVMxApzr0PbI2Io7rEaFeeIFLKSfo4UxXAIKL6Yv2WbN83JKxdMC
swaswa14@gmail.com
{token=eyJ0eXBlIjoiSldUIiwiYWxnIjoiSFMyNTYifQ.eyJzdWIiOiJzd2Fzd2ExNEBnbWFpbC5jb20iLCJpYXQiOjE2ODYyODQzNjksImV4cCI6MTY4NjMyNzU2OX0.TWMGJpwGDKx-mutG6GlYIuc57Pj3Ku878spkAUirbOE, role=Client}
]]></system-out>
  </testcase>
</testsuite>